[16-Jan-2025 12:02:19] NOTICE: fpm is running, pid 13367
[16-Jan-2025 12:02:19] NOTICE: ready to handle connections
[16-Jan-2025 12:35:22] NOTICE: Terminating ...
[16-Jan-2025 12:35:22] NOTICE: Terminating ...
[16-Jan-2025 12:35:22] NOTICE: exiting, bye-bye!
[16-Jan-2025 12:35:46] NOTICE: fpm is running, pid 15305
[16-Jan-2025 12:35:46] NOTICE: ready to handle connections
[16-Jan-2025 12:37:25] NOTICE: Terminating ...
[16-Jan-2025 12:37:25] NOTICE: Terminating ...
[16-Jan-2025 12:37:25] NOTICE: exiting, bye-bye!
[20-Jan-2025 12:09:27] NOTICE: fpm is running, pid 68812
[20-Jan-2025 12:09:27] NOTICE: ready to handle connections
[20-Jan-2025 12:38:27] NOTICE: Terminating ...
[20-Jan-2025 12:38:27] NOTICE: Terminating ...
[20-Jan-2025 12:38:27] NOTICE: exiting, bye-bye!
[22-Jan-2025 12:55:46] NOTICE: fpm is running, pid 99637
[22-Jan-2025 12:55:46] NOTICE: ready to handle connections
[22-Jan-2025 14:27:23] NOTICE: Terminating ...
[22-Jan-2025 14:27:23] NOTICE: Terminating ...
[22-Jan-2025 14:27:23] NOTICE: exiting, bye-bye!
[23-Jan-2025 10:31:29] NOTICE: fpm is running, pid 47667
[23-Jan-2025 10:31:29] NOTICE: ready to handle connections
[23-Jan-2025 11:11:41] NOTICE: Terminating ...
[23-Jan-2025 11:11:41] NOTICE: Terminating ...
[23-Jan-2025 11:11:41] NOTICE: exiting, bye-bye!
[27-Jan-2025 10:29:00] NOTICE: fpm is running, pid 26901
[27-Jan-2025 10:29:00] NOTICE: ready to handle connections
[27-Jan-2025 12:36:34] NOTICE: Terminating ...
[27-Jan-2025 12:36:34] NOTICE: Terminating ...
[27-Jan-2025 12:36:34] NOTICE: exiting, bye-bye!
[29-Jan-2025 12:50:43] NOTICE: fpm is running, pid 107598
[29-Jan-2025 12:50:43] NOTICE: ready to handle connections
[29-Jan-2025 14:25:29] NOTICE: Terminating ...
[29-Jan-2025 14:25:29] NOTICE: Terminating ...
[29-Jan-2025 14:25:29] NOTICE: exiting, bye-bye!
[03-Feb-2025 11:51:06] NOTICE: fpm is running, pid 7562
[03-Feb-2025 11:51:06] NOTICE: ready to handle connections
[03-Feb-2025 11:51:26] NOTICE: Terminating ...
[03-Feb-2025 11:51:26] NOTICE: Terminating ...
[03-Feb-2025 11:51:26] NOTICE: exiting, bye-bye!
[03-Feb-2025 11:51:29] NOTICE: fpm is running, pid 7761
[03-Feb-2025 11:51:29] NOTICE: ready to handle connections
[03-Feb-2025 12:40:39] NOTICE: Terminating ...
[03-Feb-2025 12:40:39] NOTICE: Terminating ...
[03-Feb-2025 12:40:39] NOTICE: exiting, bye-bye!
[05-Feb-2025 12:51:59] NOTICE: fpm is running, pid 93899
[05-Feb-2025 12:51:59] NOTICE: ready to handle connections
[05-Feb-2025 14:24:10] NOTICE: Terminating ...
[05-Feb-2025 14:24:10] NOTICE: exiting, bye-bye!
[10-Feb-2025 10:50:01] NOTICE: fpm is running, pid 30599
[10-Feb-2025 10:50:01] NOTICE: ready to handle connections
